c:\users\aseem apastamb\desktop\usa\digipen institute of technology\semester 1\cs-529\week 14 (dec 1, 2021)\finalproject\gameengine\win32\debug\vc142.pdb
c:\users\aseem apastamb\desktop\usa\digipen institute of technology\semester 1\cs-529\week 14 (dec 1, 2021)\finalproject\gameengine\win32\debug\vc142.idb
c:\users\aseem apastamb\desktop\usa\digipen institute of technology\semester 1\cs-529\week 14 (dec 1, 2021)\finalproject\gameengine\win32\debug\resourcemanager.obj
c:\users\aseem apastamb\desktop\usa\digipen institute of technology\semester 1\cs-529\week 14 (dec 1, 2021)\finalproject\gameengine\win32\debug\renderer.obj
c:\users\aseem apastamb\desktop\usa\digipen institute of technology\semester 1\cs-529\week 14 (dec 1, 2021)\finalproject\gameengine\win32\debug\mesh.obj
c:\users\aseem apastamb\desktop\usa\digipen institute of technology\semester 1\cs-529\week 14 (dec 1, 2021)\finalproject\gameengine\win32\debug\main.obj
c:\users\aseem apastamb\desktop\usa\digipen institute of technology\semester 1\cs-529\week 14 (dec 1, 2021)\finalproject\gameengine\win32\debug\inputmanager.obj
c:\users\aseem apastamb\desktop\usa\digipen institute of technology\semester 1\cs-529\week 14 (dec 1, 2021)\finalproject\gameengine\win32\debug\health.obj
c:\users\aseem apastamb\desktop\usa\digipen institute of technology\semester 1\cs-529\week 14 (dec 1, 2021)\finalproject\gameengine\win32\debug\gamestatemanager.obj
c:\users\aseem apastamb\desktop\usa\digipen institute of technology\semester 1\cs-529\week 14 (dec 1, 2021)\finalproject\gameengine\win32\debug\gameobjectmanager.obj
c:\users\aseem apastamb\desktop\usa\digipen institute of technology\semester 1\cs-529\week 14 (dec 1, 2021)\finalproject\gameengine\win32\debug\gameobjectfactory.obj
c:\users\aseem apastamb\desktop\usa\digipen institute of technology\semester 1\cs-529\week 14 (dec 1, 2021)\finalproject\gameengine\win32\debug\gameobject.obj
c:\users\aseem apastamb\desktop\usa\digipen institute of technology\semester 1\cs-529\week 14 (dec 1, 2021)\finalproject\gameengine\win32\debug\frameratecontroller.obj
c:\users\aseem apastamb\desktop\usa\digipen institute of technology\semester 1\cs-529\week 14 (dec 1, 2021)\finalproject\gameengine\win32\debug\eventmanager.obj
c:\users\aseem apastamb\desktop\usa\digipen institute of technology\semester 1\cs-529\week 14 (dec 1, 2021)\finalproject\gameengine\win32\debug\controller.obj
c:\users\aseem apastamb\desktop\usa\digipen institute of technology\semester 1\cs-529\week 14 (dec 1, 2021)\finalproject\gameengine\win32\debug\componentcreator.obj
c:\users\aseem apastamb\desktop\usa\digipen institute of technology\semester 1\cs-529\week 14 (dec 1, 2021)\finalproject\gameengine\win32\debug\component.obj
c:\users\aseem apastamb\desktop\usa\digipen institute of technology\semester 1\cs-529\week 14 (dec 1, 2021)\finalproject\gameengine\win32\debug\collisionmanager.obj
c:\users\aseem apastamb\desktop\usa\digipen institute of technology\semester 1\cs-529\week 14 (dec 1, 2021)\finalproject\gameengine\win32\debug\button.obj
c:\users\aseem apastamb\desktop\usa\digipen institute of technology\semester 1\cs-529\week 14 (dec 1, 2021)\finalproject\gameengine\win32\debug\body.obj
c:\users\aseem apastamb\desktop\usa\digipen institute of technology\semester 1\cs-529\week 14 (dec 1, 2021)\finalproject\gameengine\win32\debug\ammo.obj
c:\users\aseem apastamb\desktop\usa\digipen institute of technology\semester 1\cs-529\week 14 (dec 1, 2021)\finalproject\gameengine\win32\debug\ai.obj
c:\users\aseem apastamb\desktop\usa\digipen institute of technology\semester 1\cs-529\week 14 (dec 1, 2021)\finalproject\gameengine\win32\debug\updown.obj
c:\users\aseem apastamb\desktop\usa\digipen institute of technology\semester 1\cs-529\week 14 (dec 1, 2021)\finalproject\gameengine\win32\debug\transform.obj
c:\users\aseem apastamb\desktop\usa\digipen institute of technology\semester 1\cs-529\week 14 (dec 1, 2021)\finalproject\gameengine\win32\debug\texture.obj
c:\users\aseem apastamb\desktop\usa\digipen institute of technology\semester 1\cs-529\week 14 (dec 1, 2021)\finalproject\gameengine\win32\debug\sprite.obj
c:\users\aseem apastamb\desktop\usa\digipen institute of technology\semester 1\cs-529\week 14 (dec 1, 2021)\finalproject\gameengine\win32\debug\spawner.obj
c:\users\aseem apastamb\desktop\usa\digipen institute of technology\semester 1\cs-529\week 14 (dec 1, 2021)\finalproject\gameengine\win32\debug\shader.obj
c:\users\aseem apastamb\desktop\usa\digipen institute of technology\semester 1\cs-529\week 14 (dec 1, 2021)\finalproject\gameengine\win32\debug\glad.obj
c:\users\aseem apastamb\desktop\usa\digipen institute of technology\semester 1\cs-529\week 14 (dec 1, 2021)\finalproject\gameengine\win32\debug\gameengine.ilk
c:\users\aseem apastamb\desktop\usa\digipen institute of technology\semester 1\cs-529\week 14 (dec 1, 2021)\finalproject\gameengine\gameengine.exe
c:\users\aseem apastamb\desktop\usa\digipen institute of technology\semester 1\cs-529\week 14 (dec 1, 2021)\finalproject\gameengine\gameengine.pdb
c:\users\aseem apastamb\desktop\usa\digipen institute of technology\semester 1\cs-529\week 14 (dec 1, 2021)\finalproject\gameengine\win32\debug\gameengine.tlog\cl.command.1.tlog
c:\users\aseem apastamb\desktop\usa\digipen institute of technology\semester 1\cs-529\week 14 (dec 1, 2021)\finalproject\gameengine\win32\debug\gameengine.tlog\cl.read.1.tlog
c:\users\aseem apastamb\desktop\usa\digipen institute of technology\semester 1\cs-529\week 14 (dec 1, 2021)\finalproject\gameengine\win32\debug\gameengine.tlog\cl.write.1.tlog
c:\users\aseem apastamb\desktop\usa\digipen institute of technology\semester 1\cs-529\week 14 (dec 1, 2021)\finalproject\gameengine\win32\debug\gameengine.tlog\link.command.1.tlog
c:\users\aseem apastamb\desktop\usa\digipen institute of technology\semester 1\cs-529\week 14 (dec 1, 2021)\finalproject\gameengine\win32\debug\gameengine.tlog\link.read.1.tlog
c:\users\aseem apastamb\desktop\usa\digipen institute of technology\semester 1\cs-529\week 14 (dec 1, 2021)\finalproject\gameengine\win32\debug\gameengine.tlog\link.write.1.tlog
